<?xml version="1.0" encoding="UTF-8"?>
<doc>
  <para>para1</para>
  <para>para2</para>
  <para>para3</para>
  <para>para4</para>
  
</doc>
