<?xml version="1.0" encoding="UTF-8"?>
<test-02 xmlns="http://www.corbas.co.uk/ns/test">
  <child-02/>
</test-02>
