<?xml version="1.0" encoding="UTF-8"?>
<test-01>
  <child-01>child 01 text</child-01>
</test-01>
